<?xml version="1.0" encoding="UTF-8"?>
<!-- Generated by org.testng.reporters.JUnitReportReporter -->
<testsuite hostname="DESKTOP-A2SUHOQ" failures="0" tests="1" name="Testpackage.Deyga_login_Test" time="10.936" errors="0" timestamp="2024-08-09T10:57:20 IST" skipped="0">
  <testcase classname="Testpackage.Deyga_login_Test" name="loginTest" time="10.936"/>
  <system-out/>
</testsuite> <!-- Testpackage.Deyga_login_Test -->
