<?xml version="1.0" encoding="UTF-8"?>
<!-- Generated by org.testng.reporters.JUnitReportReporter -->
<testsuite hostname="DESKTOP-A2SUHOQ" failures="0" tests="1" name="Testpackage.Deyga_register_test" time="7.924" errors="0" timestamp="2024-08-09T10:44:09 IST" skipped="0">
  <testcase classname="Testpackage.Deyga_register_test" name="registertest" time="7.924"/>
  <system-out/>
</testsuite> <!-- Testpackage.Deyga_register_test -->
